<?xml version="1.0" encoding="UTF-8"?>
<coverage generated="1763264141222" clover="3.2.0">
  <project timestamp="1763264141223" name="All files">
    <metrics statements="43" coveredstatements="43" conditionals="71" coveredconditionals="57" methods="11" coveredmethods="11" elements="125" coveredelements="111" complexity="0" loc="43" ncloc="43" packages="1" files="1" classes="1"/>
    <file name="cartUtils.js" path="C:\Users\febmy\OneDrive\Documents\Miniproject\Miniproject\src\utils\cartUtils.js">
      <metrics statements="43" coveredstatements="43" conditionals="71" coveredconditionals="57" methods="11" coveredmethods="11"/>
      <line num="4" count="4" type="cond" truecount="2" falsecount="0"/>
      <line num="5" count="1" type="stmt"/>
      <line num="8" count="3" type="stmt"/>
      <line num="9" count="5" type="cond" truecount="2" falsecount="0"/>
      <line num="11" count="5" type="cond" truecount="4" falsecount="0"/>
      <line num="15" count="5" type="stmt"/>
      <line num="20" count="11" type="cond" truecount="5" falsecount="0"/>
      <line num="21" count="3" type="stmt"/>
      <line num="25" count="8" type="cond" truecount="2" falsecount="0"/>
      <line num="27" count="8" type="cond" truecount="2" falsecount="0"/>
      <line num="28" count="1" type="stmt"/>
      <line num="31" count="7" type="cond" truecount="2" falsecount="0"/>
      <line num="32" count="3" type="cond" truecount="1" falsecount="1"/>
      <line num="33" count="3" type="cond" truecount="2" falsecount="0"/>
      <line num="34" count="2" type="stmt"/>
      <line num="37" count="4" type="cond" truecount="2" falsecount="0"/>
      <line num="38" count="3" type="cond" truecount="1" falsecount="1"/>
      <line num="39" count="3" type="cond" truecount="2" falsecount="0"/>
      <line num="41" count="2" type="cond" truecount="2" falsecount="0"/>
      <line num="45" count="1" type="stmt"/>
      <line num="49" count="5" type="cond" truecount="4" falsecount="0"/>
      <line num="50" count="3" type="cond" truecount="4" falsecount="0"/>
      <line num="52" count="2" type="stmt"/>
      <line num="56" count="2" type="stmt"/>
      <line num="57" count="2" type="stmt"/>
      <line num="58" count="2" type="stmt"/>
      <line num="59" count="2" type="stmt"/>
      <line num="61" count="2" type="stmt"/>
      <line num="70" count="8" type="cond" truecount="2" falsecount="0"/>
      <line num="72" count="7" type="stmt"/>
      <line num="74" count="7" type="stmt"/>
      <line num="76" count="7" type="cond" truecount="2" falsecount="0"/>
      <line num="77" count="3" type="stmt"/>
      <line num="78" count="9" type="cond" truecount="1" falsecount="1"/>
      <line num="79" count="9" type="cond" truecount="1" falsecount="1"/>
      <line num="80" count="9" type="cond" truecount="2" falsecount="0"/>
      <line num="84" count="7" type="stmt"/>
      <line num="85" count="4" type="cond" truecount="2" falsecount="2"/>
      <line num="86" count="5" type="cond" truecount="2" falsecount="2"/>
      <line num="87" count="4" type="cond" truecount="2" falsecount="2"/>
      <line num="88" count="3" type="cond" truecount="2" falsecount="2"/>
      <line num="91" count="7" type="cond" truecount="2" falsecount="0"/>
      <line num="93" count="7" type="stmt"/>
    </file>
  </project>
</coverage>
