{"C:\\Users\\febmy\\OneDrive\\Documents\\Miniproject\\Miniproject\\src\\utils\\cartUtils.js": {"path":"C:\\Users\\febmy\\OneDrive\\Documents\\Miniproject\\Miniproject\\src\\utils\\cartUtils.js","statementMap":{"0":{"start":{"line":4,"column":2},"end":{"line":6,"column":3}},"1":{"start":{"line":5,"column":4},"end":{"line":5,"column":46}},"2":{"start":{"line":8,"column":2},"end":{"line":16,"column":8}},"3":{"start":{"line":9,"column":18},"end":{"line":9,"column":65}},"4":{"start":{"line":11,"column":6},"end":{"line":13,"column":11}},"5":{"start":{"line":15,"column":4},"end":{"line":15,"column":36}},"6":{"start":{"line":20,"column":2},"end":{"line":22,"column":3}},"7":{"start":{"line":21,"column":4},"end":{"line":21,"column":13}},"8":{"start":{"line":25,"column":4},"end":{"line":25,"column":79}},"9":{"start":{"line":27,"column":2},"end":{"line":29,"column":3}},"10":{"start":{"line":28,"column":4},"end":{"line":28,"column":13}},"11":{"start":{"line":31,"column":2},"end":{"line":35,"column":3}},"12":{"start":{"line":32,"column":18},"end":{"line":32,"column":73}},"13":{"start":{"line":33,"column":4},"end":{"line":33,"column":29}},"14":{"start":{"line":33,"column":20},"end":{"line":33,"column":29}},"15":{"start":{"line":34,"column":4},"end":{"line":34,"column":36}},"16":{"start":{"line":37,"column":2},"end":{"line":42,"column":3}},"17":{"start":{"line":38,"column":18},"end":{"line":38,"column":73}},"18":{"start":{"line":39,"column":4},"end":{"line":39,"column":29}},"19":{"start":{"line":39,"column":20},"end":{"line":39,"column":29}},"20":{"start":{"line":41,"column":4},"end":{"line":41,"column":47}},"21":{"start":{"line":45,"column":2},"end":{"line":45,"column":11}},"22":{"start":{"line":49,"column":2},"end":{"line":49,"column":58}},"23":{"start":{"line":49,"column":49},"end":{"line":49,"column":58}},"24":{"start":{"line":50,"column":2},"end":{"line":50,"column":60}},"25":{"start":{"line":50,"column":51},"end":{"line":50,"column":60}},"26":{"start":{"line":52,"column":2},"end":{"line":52,"column":34}},"27":{"start":{"line":56,"column":19},"end":{"line":56,"column":43}},"28":{"start":{"line":57,"column":25},"end":{"line":57,"column":62}},"29":{"start":{"line":58,"column":20},"end":{"line":58,"column":45}},"30":{"start":{"line":59,"column":14},"end":{"line":59,"column":46}},"31":{"start":{"line":61,"column":2},"end":{"line":66,"column":4}},"32":{"start":{"line":70,"column":2},"end":{"line":70,"column":42}},"33":{"start":{"line":70,"column":32},"end":{"line":70,"column":42}},"34":{"start":{"line":72,"column":26},"end":{"line":72,"column":52}},"35":{"start":{"line":74,"column":17},"end":{"line":74,"column":25}},"36":{"start":{"line":76,"column":2},"end":{"line":82,"column":3}},"37":{"start":{"line":77,"column":4},"end":{"line":81,"column":7}},"38":{"start":{"line":78,"column":19},"end":{"line":78,"column":53}},"39":{"start":{"line":79,"column":20},"end":{"line":79,"column":55}},"40":{"start":{"line":80,"column":6},"end":{"line":80,"column":79}},"41":{"start":{"line":84,"column":18},"end":{"line":89,"column":3}},"42":{"start":{"line":85,"column":27},"end":{"line":85,"column":58}},"43":{"start":{"line":86,"column":28},"end":{"line":86,"column":59}},"44":{"start":{"line":87,"column":27},"end":{"line":87,"column":69}},"45":{"start":{"line":88,"column":26},"end":{"line":88,"column":68}},"46":{"start":{"line":91,"column":17},"end":{"line":91,"column":55}},"47":{"start":{"line":93,"column":2},"end":{"line":93,"column":36}}},"fnMap":{"0":{"name":"calculateSubtotal","decl":{"start":{"line":3,"column":16},"end":{"line":3,"column":33}},"loc":{"start":{"line":3,"column":46},"end":{"line":17,"column":1}},"line":3},"1":{"name":"(anonymous_1)","decl":{"start":{"line":8,"column":22},"end":{"line":8,"column":23}},"loc":{"start":{"line":8,"column":39},"end":{"line":16,"column":3}},"line":8},"2":{"name":"calculateDiscount","decl":{"start":{"line":19,"column":16},"end":{"line":19,"column":33}},"loc":{"start":{"line":19,"column":54},"end":{"line":46,"column":1}},"line":19},"3":{"name":"calculateTax","decl":{"start":{"line":48,"column":16},"end":{"line":48,"column":28}},"loc":{"start":{"line":48,"column":46},"end":{"line":53,"column":1}},"line":48},"4":{"name":"calculateGrandTotal","decl":{"start":{"line":55,"column":16},"end":{"line":55,"column":35}},"loc":{"start":{"line":55,"column":62},"end":{"line":67,"column":1}},"line":55},"5":{"name":"filterProducts","decl":{"start":{"line":69,"column":16},"end":{"line":69,"column":30}},"loc":{"start":{"line":69,"column":79},"end":{"line":94,"column":1}},"line":69},"6":{"name":"(anonymous_6)","decl":{"start":{"line":77,"column":31},"end":{"line":77,"column":32}},"loc":{"start":{"line":77,"column":44},"end":{"line":81,"column":5}},"line":77},"7":{"name":"(anonymous_7)","decl":{"start":{"line":85,"column":17},"end":{"line":85,"column":18}},"loc":{"start":{"line":85,"column":27},"end":{"line":85,"column":58}},"line":85},"8":{"name":"(anonymous_8)","decl":{"start":{"line":86,"column":18},"end":{"line":86,"column":19}},"loc":{"start":{"line":86,"column":28},"end":{"line":86,"column":59}},"line":86},"9":{"name":"(anonymous_9)","decl":{"start":{"line":87,"column":17},"end":{"line":87,"column":18}},"loc":{"start":{"line":87,"column":27},"end":{"line":87,"column":69}},"line":87},"10":{"name":"(anonymous_10)","decl":{"start":{"line":88,"column":16},"end":{"line":88,"column":17}},"loc":{"start":{"line":88,"column":26},"end":{"line":88,"column":68}},"line":88}},"branchMap":{"0":{"loc":{"start":{"line":3,"column":34},"end":{"line":3,"column":44}},"type":"default-arg","locations":[{"start":{"line":3,"column":42},"end":{"line":3,"column":44}}],"line":3},"1":{"loc":{"start":{"line":4,"column":2},"end":{"line":6,"column":3}},"type":"if","locations":[{"start":{"line":4,"column":2},"end":{"line":6,"column":3}},{"start":{},"end":{}}],"line":4},"2":{"loc":{"start":{"line":9,"column":18},"end":{"line":9,"column":65}},"type":"cond-expr","locations":[{"start":{"line":9,"column":51},"end":{"line":9,"column":61}},{"start":{"line":9,"column":64},"end":{"line":9,"column":65}}],"line":9},"3":{"loc":{"start":{"line":11,"column":6},"end":{"line":13,"column":11}},"type":"cond-expr","locations":[{"start":{"line":12,"column":10},"end":{"line":12,"column":23}},{"start":{"line":13,"column":10},"end":{"line":13,"column":11}}],"line":11},"4":{"loc":{"start":{"line":11,"column":6},"end":{"line":11,"column":60}},"type":"binary-expr","locations":[{"start":{"line":11,"column":6},"end":{"line":11,"column":39}},{"start":{"line":11,"column":43},"end":{"line":11,"column":60}}],"line":11},"5":{"loc":{"start":{"line":20,"column":2},"end":{"line":22,"column":3}},"type":"if","locations":[{"start":{"line":20,"column":2},"end":{"line":22,"column":3}},{"start":{},"end":{}}],"line":20},"6":{"loc":{"start":{"line":20,"column":6},"end":{"line":20,"column":64}},"type":"binary-expr","locations":[{"start":{"line":20,"column":6},"end":{"line":20,"column":15}},{"start":{"line":20,"column":19},"end":{"line":20,"column":47}},{"start":{"line":20,"column":51},"end":{"line":20,"column":64}}],"line":20},"7":{"loc":{"start":{"line":25,"column":4},"end":{"line":25,"column":79}},"type":"cond-expr","locations":[{"start":{"line":25,"column":51},"end":{"line":25,"column":75}},{"start":{"line":25,"column":78},"end":{"line":25,"column":79}}],"line":25},"8":{"loc":{"start":{"line":27,"column":2},"end":{"line":29,"column":3}},"type":"if","locations":[{"start":{"line":27,"column":2},"end":{"line":29,"column":3}},{"start":{},"end":{}}],"line":27},"9":{"loc":{"start":{"line":31,"column":2},"end":{"line":35,"column":3}},"type":"if","locations":[{"start":{"line":31,"column":2},"end":{"line":35,"column":3}},{"start":{},"end":{}}],"line":31},"10":{"loc":{"start":{"line":32,"column":18},"end":{"line":32,"column":73}},"type":"cond-expr","locations":[{"start":{"line":32,"column":55},"end":{"line":32,"column":69}},{"start":{"line":32,"column":72},"end":{"line":32,"column":73}}],"line":32},"11":{"loc":{"start":{"line":33,"column":4},"end":{"line":33,"column":29}},"type":"if","locations":[{"start":{"line":33,"column":4},"end":{"line":33,"column":29}},{"start":{},"end":{}}],"line":33},"12":{"loc":{"start":{"line":37,"column":2},"end":{"line":42,"column":3}},"type":"if","locations":[{"start":{"line":37,"column":2},"end":{"line":42,"column":3}},{"start":{},"end":{}}],"line":37},"13":{"loc":{"start":{"line":38,"column":18},"end":{"line":38,"column":73}},"type":"cond-expr","locations":[{"start":{"line":38,"column":55},"end":{"line":38,"column":69}},{"start":{"line":38,"column":72},"end":{"line":38,"column":73}}],"line":38},"14":{"loc":{"start":{"line":39,"column":4},"end":{"line":39,"column":29}},"type":"if","locations":[{"start":{"line":39,"column":4},"end":{"line":39,"column":29}},{"start":{},"end":{}}],"line":39},"15":{"loc":{"start":{"line":41,"column":11},"end":{"line":41,"column":46}},"type":"cond-expr","locations":[{"start":{"line":41,"column":30},"end":{"line":41,"column":38}},{"start":{"line":41,"column":41},"end":{"line":41,"column":46}}],"line":41},"16":{"loc":{"start":{"line":49,"column":2},"end":{"line":49,"column":58}},"type":"if","locations":[{"start":{"line":49,"column":2},"end":{"line":49,"column":58}},{"start":{},"end":{}}],"line":49},"17":{"loc":{"start":{"line":49,"column":6},"end":{"line":49,"column":47}},"type":"binary-expr","locations":[{"start":{"line":49,"column":6},"end":{"line":49,"column":32}},{"start":{"line":49,"column":36},"end":{"line":49,"column":47}}],"line":49},"18":{"loc":{"start":{"line":50,"column":2},"end":{"line":50,"column":60}},"type":"if","locations":[{"start":{"line":50,"column":2},"end":{"line":50,"column":60}},{"start":{},"end":{}}],"line":50},"19":{"loc":{"start":{"line":50,"column":6},"end":{"line":50,"column":49}},"type":"binary-expr","locations":[{"start":{"line":50,"column":6},"end":{"line":50,"column":33}},{"start":{"line":50,"column":37},"end":{"line":50,"column":49}}],"line":50},"20":{"loc":{"start":{"line":69,"column":31},"end":{"line":69,"column":44}},"type":"default-arg","locations":[{"start":{"line":69,"column":42},"end":{"line":69,"column":44}}],"line":69},"21":{"loc":{"start":{"line":69,"column":46},"end":{"line":69,"column":56}},"type":"default-arg","locations":[{"start":{"line":69,"column":54},"end":{"line":69,"column":56}}],"line":69},"22":{"loc":{"start":{"line":69,"column":58},"end":{"line":69,"column":77}},"type":"default-arg","locations":[{"start":{"line":69,"column":67},"end":{"line":69,"column":77}}],"line":69},"23":{"loc":{"start":{"line":70,"column":2},"end":{"line":70,"column":42}},"type":"if","locations":[{"start":{"line":70,"column":2},"end":{"line":70,"column":42}},{"start":{},"end":{}}],"line":70},"24":{"loc":{"start":{"line":76,"column":2},"end":{"line":82,"column":3}},"type":"if","locations":[{"start":{"line":76,"column":2},"end":{"line":82,"column":3}},{"start":{},"end":{}}],"line":76},"25":{"loc":{"start":{"line":78,"column":20},"end":{"line":78,"column":38}},"type":"binary-expr","locations":[{"start":{"line":78,"column":20},"end":{"line":78,"column":32}},{"start":{"line":78,"column":36},"end":{"line":78,"column":38}}],"line":78},"26":{"loc":{"start":{"line":79,"column":21},"end":{"line":79,"column":40}},"type":"binary-expr","locations":[{"start":{"line":79,"column":21},"end":{"line":79,"column":34}},{"start":{"line":79,"column":38},"end":{"line":79,"column":40}}],"line":79},"27":{"loc":{"start":{"line":80,"column":13},"end":{"line":80,"column":78}},"type":"binary-expr","locations":[{"start":{"line":80,"column":13},"end":{"line":80,"column":43}},{"start":{"line":80,"column":47},"end":{"line":80,"column":78}}],"line":80},"28":{"loc":{"start":{"line":85,"column":28},"end":{"line":85,"column":40}},"type":"binary-expr","locations":[{"start":{"line":85,"column":28},"end":{"line":85,"column":35}},{"start":{"line":85,"column":39},"end":{"line":85,"column":40}}],"line":85},"29":{"loc":{"start":{"line":85,"column":45},"end":{"line":85,"column":57}},"type":"binary-expr","locations":[{"start":{"line":85,"column":45},"end":{"line":85,"column":52}},{"start":{"line":85,"column":56},"end":{"line":85,"column":57}}],"line":85},"30":{"loc":{"start":{"line":86,"column":29},"end":{"line":86,"column":41}},"type":"binary-expr","locations":[{"start":{"line":86,"column":29},"end":{"line":86,"column":36}},{"start":{"line":86,"column":40},"end":{"line":86,"column":41}}],"line":86},"31":{"loc":{"start":{"line":86,"column":46},"end":{"line":86,"column":58}},"type":"binary-expr","locations":[{"start":{"line":86,"column":46},"end":{"line":86,"column":53}},{"start":{"line":86,"column":57},"end":{"line":86,"column":58}}],"line":86},"32":{"loc":{"start":{"line":87,"column":28},"end":{"line":87,"column":40}},"type":"binary-expr","locations":[{"start":{"line":87,"column":28},"end":{"line":87,"column":34}},{"start":{"line":87,"column":38},"end":{"line":87,"column":40}}],"line":87},"33":{"loc":{"start":{"line":87,"column":56},"end":{"line":87,"column":68}},"type":"binary-expr","locations":[{"start":{"line":87,"column":56},"end":{"line":87,"column":62}},{"start":{"line":87,"column":66},"end":{"line":87,"column":68}}],"line":87},"34":{"loc":{"start":{"line":88,"column":27},"end":{"line":88,"column":39}},"type":"binary-expr","locations":[{"start":{"line":88,"column":27},"end":{"line":88,"column":33}},{"start":{"line":88,"column":37},"end":{"line":88,"column":39}}],"line":88},"35":{"loc":{"start":{"line":88,"column":55},"end":{"line":88,"column":67}},"type":"binary-expr","locations":[{"start":{"line":88,"column":55},"end":{"line":88,"column":61}},{"start":{"line":88,"column":65},"end":{"line":88,"column":67}}],"line":88},"36":{"loc":{"start":{"line":91,"column":17},"end":{"line":91,"column":55}},"type":"binary-expr","locations":[{"start":{"line":91,"column":17},"end":{"line":91,"column":32}},{"start":{"line":91,"column":36},"end":{"line":91,"column":55}}],"line":91}},"s":{"0":4,"1":1,"2":3,"3":5,"4":5,"5":5,"6":11,"7":3,"8":8,"9":8,"10":1,"11":7,"12":3,"13":3,"14":1,"15":2,"16":4,"17":3,"18":3,"19":1,"20":2,"21":1,"22":5,"23":2,"24":3,"25":1,"26":2,"27":2,"28":2,"29":2,"30":2,"31":2,"32":8,"33":1,"34":7,"35":7,"36":7,"37":3,"38":9,"39":9,"40":9,"41":7,"42":4,"43":5,"44":4,"45":3,"46":7,"47":7},"f":{"0":4,"1":5,"2":11,"3":5,"4":2,"5":8,"6":9,"7":4,"8":5,"9":4,"10":3},"b":{"0":[0],"1":[1,3],"2":[4,1],"3":[4,1],"4":[5,4],"5":[3,8],"6":[11,9,9],"7":[1,7],"8":[1,7],"9":[3,4],"10":[3,0],"11":[1,2],"12":[3,1],"13":[3,0],"14":[1,2],"15":[1,1],"16":[2,3],"17":[5,5],"18":[1,2],"19":[3,3],"20":[0],"21":[1],"22":[3],"23":[1,7],"24":[3,4],"25":[9,0],"26":[9,0],"27":[9,8],"28":[4,0],"29":[4,0],"30":[5,0],"31":[5,0],"32":[4,0],"33":[4,0],"34":[3,0],"35":[3,0],"36":[7,1]},"_coverageSchema":"1a1c01bbd47fc00a2c39e90264f33305004495a9","hash":"04c17c8af21bdc3f946473e37bb2a60526c1602b"}
}
