TN:
SF:src\utils\cartUtils.js
FN:3,calculateSubtotal
FN:8,(anonymous_1)
FN:19,calculateDiscount
FN:48,calculateTax
FN:55,calculateGrandTotal
FN:69,filterProducts
FN:77,(anonymous_6)
FN:85,(anonymous_7)
FN:86,(anonymous_8)
FN:87,(anonymous_9)
FN:88,(anonymous_10)
FNF:11
FNH:11
FNDA:4,calculateSubtotal
FNDA:5,(anonymous_1)
FNDA:11,calculateDiscount
FNDA:5,calculateTax
FNDA:2,calculateGrandTotal
FNDA:8,filterProducts
FNDA:9,(anonymous_6)
FNDA:4,(anonymous_7)
FNDA:5,(anonymous_8)
FNDA:4,(anonymous_9)
FNDA:3,(anonymous_10)
DA:4,4
DA:5,1
DA:8,3
DA:9,5
DA:11,5
DA:15,5
DA:20,11
DA:21,3
DA:25,8
DA:27,8
DA:28,1
DA:31,7
DA:32,3
DA:33,3
DA:34,2
DA:37,4
DA:38,3
DA:39,3
DA:41,2
DA:45,1
DA:49,5
DA:50,3
DA:52,2
DA:56,2
DA:57,2
DA:58,2
DA:59,2
DA:61,2
DA:70,8
DA:72,7
DA:74,7
DA:76,7
DA:77,3
DA:78,9
DA:79,9
DA:80,9
DA:84,7
DA:85,4
DA:86,5
DA:87,4
DA:88,3
DA:91,7
DA:93,7
LF:43
LH:43
BRDA:3,0,0,0
BRDA:4,1,0,1
BRDA:4,1,1,3
BRDA:9,2,0,4
BRDA:9,2,1,1
BRDA:11,3,0,4
BRDA:11,3,1,1
BRDA:11,4,0,5
BRDA:11,4,1,4
BRDA:20,5,0,3
BRDA:20,5,1,8
BRDA:20,6,0,11
BRDA:20,6,1,9
BRDA:20,6,2,9
BRDA:25,7,0,1
BRDA:25,7,1,7
BRDA:27,8,0,1
BRDA:27,8,1,7
BRDA:31,9,0,3
BRDA:31,9,1,4
BRDA:32,10,0,3
BRDA:32,10,1,0
BRDA:33,11,0,1
BRDA:33,11,1,2
BRDA:37,12,0,3
BRDA:37,12,1,1
BRDA:38,13,0,3
BRDA:38,13,1,0
BRDA:39,14,0,1
BRDA:39,14,1,2
BRDA:41,15,0,1
BRDA:41,15,1,1
BRDA:49,16,0,2
BRDA:49,16,1,3
BRDA:49,17,0,5
BRDA:49,17,1,5
BRDA:50,18,0,1
BRDA:50,18,1,2
BRDA:50,19,0,3
BRDA:50,19,1,3
BRDA:69,20,0,0
BRDA:69,21,0,1
BRDA:69,22,0,3
BRDA:70,23,0,1
BRDA:70,23,1,7
BRDA:76,24,0,3
BRDA:76,24,1,4
BRDA:78,25,0,9
BRDA:78,25,1,0
BRDA:79,26,0,9
BRDA:79,26,1,0
BRDA:80,27,0,9
BRDA:80,27,1,8
BRDA:85,28,0,4
BRDA:85,28,1,0
BRDA:85,29,0,4
BRDA:85,29,1,0
BRDA:86,30,0,5
BRDA:86,30,1,0
BRDA:86,31,0,5
BRDA:86,31,1,0
BRDA:87,32,0,4
BRDA:87,32,1,0
BRDA:87,33,0,4
BRDA:87,33,1,0
BRDA:88,34,0,3
BRDA:88,34,1,0
BRDA:88,35,0,3
BRDA:88,35,1,0
BRDA:91,36,0,7
BRDA:91,36,1,1
BRF:71
BRH:57
end_of_record
